<?xml version="1.0" encoding="UTF-8"?>
<!-- Generated by org.testng.reporters.JUnitReportReporter -->
<testsuite hostname="Huongs-MacBook.local" failures="0" tests="1" name="automation.NewTest" time="0.019" errors="0" timestamp="2019-12-07T00:05:19 ICT" skipped="0">
  <testcase classname="automation.NewTest" name="verifyHomepageTitle" time="0.019"/>
</testsuite> <!-- automation.NewTest -->
