<?xml version="1.0" encoding="UTF-8"?>
<!-- Generated by org.testng.reporters.JUnitReportReporter -->
<testsuite hostname="Huongs-MacBook.local" failures="0" tests="1" name="automation.TestCreateClass" time="39.596" errors="0" timestamp="2019-12-14T12:21:58 ICT" skipped="0">
  <testcase classname="automation.TestCreateClass" name="createClass" time="39.596"/>
</testsuite> <!-- automation.TestCreateClass -->
